[debug] [2024-05-19T02:07:37.540Z] ----------------------------------------------------------------------
[debug] [2024-05-19T02:07:37.545Z] Command:       /nix/store/qfm6zpnicb4q5x6w6y4cpj5z8ap68j3h-nodejs-18.19.1/bin/node /nix/store/5v7fkyyi565g871f5xgr2prbnwmsi444-firebase-tools-13.8.2/lib/node_modules/firebase-tools/lib/bin/firebase.js init hosting
[debug] [2024-05-19T02:07:37.546Z] CLI Version:   13.8.2
[debug] [2024-05-19T02:07:37.547Z] Platform:      linux
[debug] [2024-05-19T02:07:37.547Z] Node Version:  v18.19.1
[debug] [2024-05-19T02:07:37.547Z] Time:          Sun May 19 2024 02:07:37 GMT+0000 (Coordinated Universal Time)
[debug] [2024-05-19T02:07:37.548Z] ----------------------------------------------------------------------
[debug] 
[debug] [2024-05-19T02:07:37.559Z] > command requires scopes: ["email","openid","https://www.googleapis.com/auth/cloudplatformprojects.readonly","https://www.googleapis.com/auth/firebase","https://www.googleapis.com/auth/cloud-platform"]
[debug] [2024-05-19T02:07:37.560Z] > authorizing via signed-in user (sjqv05@gmail.com)
[info] 
     ######## #### ########  ######## ########     ###     ######  ########
     ##        ##  ##     ## ##       ##     ##  ##   ##  ##       ##
     ######    ##  ########  ######   ########  #########  ######  ######
     ##        ##  ##    ##  ##       ##     ## ##     ##       ## ##
     ##       #### ##     ## ######## ########  ##     ##  ######  ########

You're about to initialize a Firebase project in this directory:

  /home/user/Index_Host

[info] 
=== Project Setup
[info] 
[info] First, let's associate this project directory with a Firebase project.
[info] You can create multiple project aliases by running firebase use --add, 
[info] but for now we'll just set up a default project.
[info] 
[info] i  If you want to create a project in a Google Cloud organization or folder, please use "firebase projects:create" instead, and return to this command when you've created the project. 
[debug] [2024-05-19T02:07:55.879Z] >>> [apiv2][query] POST https://cloudresourcemanager.googleapis.com/v1/projects [none]
[debug] [2024-05-19T02:07:55.879Z] >>> [apiv2][body] POST https://cloudresourcemanager.googleapis.com/v1/projects {"projectId":"4/0AdLIrYcq6r8JevdtxBBurh2sjyWYUGahGe6fi5vzpr-8qeGRYUh3ZDkr7uN1hzuugfJfDg","name":"Index_Host_Example"}
[debug] [2024-05-19T02:07:56.083Z] <<< [apiv2][status] POST https://cloudresourcemanager.googleapis.com/v1/projects 400
[debug] [2024-05-19T02:07:56.084Z] <<< [apiv2][body] POST https://cloudresourcemanager.googleapis.com/v1/projects {"error":{"code":400,"message":"Request contains an invalid argument.","status":"INVALID_ARGUMENT","details":[{"@type":"type.googleapis.com/google.rpc.BadRequest","fieldViolations":[{"field":"project_id","description":"project_id must be at most 30 characters long"},{"field":"project_id","description":"project_id contains invalid characters"},{"field":"display_name","description":"project display name contains invalid characters"}]},{"@type":"type.googleapis.com/google.rpc.Help","links":[{"url":"https://cloud.google.com/resource-manager/reference/rest/v1/projects"}]}]}}
[debug] [2024-05-19T02:07:56.086Z] FirebaseError: HTTP Error: 400, Request contains an invalid argument.
    at responseToError (/nix/store/5v7fkyyi565g871f5xgr2prbnwmsi444-firebase-tools-13.8.2/lib/node_modules/firebase-tools/lib/responseToError.js:49:12)
    at RetryOperation._fn (/nix/store/5v7fkyyi565g871f5xgr2prbnwmsi444-firebase-tools-13.8.2/lib/node_modules/firebase-tools/lib/apiv2.js:305:77)
    at process.processTicksAndRejections (node:internal/process/task_queues:95:5)
[error] 
[error] Error: Failed to create project. See firebase-debug.log for more info.
